-------------------------------------------------------------------------------
Test set: br.ufjf.calculadora.CalculadoraTest
-------------------------------------------------------------------------------
Tests run: 4, Failures: 1, Errors: 0, Skipped: 0, Time elapsed: 0.01 sec <<< FAILURE!
br.ufjf.calculadora.CalculadoraTest.testMultiplicar()  Time elapsed: 0.001 sec  <<< FAILURE!
java.lang.RuntimeException: Uncompilable source code - illegal start of expression
	at br.ufjf.calculadora.Calculadora.multiplicar(Calculadora.java:13)
	at br.ufjf.calculadora.CalculadoraTest.testMultiplicar(CalculadoraTest.java:42)
