<?xml version="1.0" encoding="UTF-8" ?>
<testsuite tests="4" failures="1" name="br.ufjf.calculadora.CalculadoraTest" time="0.011" errors="0" skipped="0">
  <properties>
[...]
</properties>
  <testcase classname="br.ufjf.calculadora.CalculadoraTest" name="br.ufjf.calculadora.CalculadoraTest.testSomar" time="0.009">
    <failure message="expected:&lt;20.0&gt; but was:&lt;30.0&gt;" type="junit.framework.AssertionFailedError">junit.framework.AssertionFailedError: expected:&lt;20.0&gt; but was:&lt;30.0&gt;
	at junit.framework.Assert.fail(Assert.java:47)
	at junit.framework.Assert.failNotEquals(Assert.java:282)
	at junit.framework.Assert.assertEquals(Assert.java:101)
	at junit.framework.Assert.assertEquals(Assert.java:108)
	at br.ufjf.calculadora.CalculadoraTest.testSomar(CalculadoraTest.java:26)
</failure>
  </testcase>
  <testcase classname="br.ufjf.calculadora.CalculadoraTest" name="br.ufjf.calculadora.CalculadoraTest.testSubtrair" time="0"/>
  <testcase classname="br.ufjf.calculadora.CalculadoraTest" name="br.ufjf.calculadora.CalculadoraTest.testMultiplicar" time="0"/>
  <testcase classname="br.ufjf.calculadora.CalculadoraTest" name="br.ufjf.calculadora.CalculadoraTest.testDividir" time="0"/>
</testsuite>